[2020-04-14 12:57:51,946][MainThread:11760][task_id:django.utils.autoreload][autoreload.py:598][INFO][Watching for file changes with StatReloader]
[2020-04-14 12:58:30,351][Thread-1:6784][task_id:django.request][log.py:228][WARNING][Not Found: /student/index]
[2020-04-14 12:58:30,452][Thread-1:6784][task_id:django.request][log.py:228][WARNING][Not Found: /favicon.ico]
[2020-04-14 12:58:32,820][Thread-1:6784][task_id:django.request][log.py:228][WARNING][Not Found: /index]
[2020-04-14 12:58:40,078][Thread-1:6784][task_id:root][views.py:180][INFO][enter teacher op]
[2020-04-14 12:58:40,366][MainThread:11760][task_id:root][views.py:183][INFO][delete teacher op]
[2020-04-14 12:58:40,551][Thread-1:6784][task_id:root][views.py:180][INFO][enter teacher op]
[2020-04-14 12:58:40,830][Thread-1:6784][task_id:root][views.py:262][INFO][enter stu_info_select]
[2020-04-14 12:58:41,164][Thread-1:6784][task_id:django.request][log.py:228][ERROR][Internal Server Error: /teacher/stu_info/json/]
Traceback (most recent call last):
  File "C:\Users\JingruShi\AppData\Local\Programs\Python\Python37\lib\site-packages\django\core\handlers\exception.py", line 34, in inner
    response = get_response(request)
  File "C:\Users\JingruShi\AppData\Local\Programs\Python\Python37\lib\site-packages\django\core\handlers\base.py", line 115, in _get_response
    response = self.process_exception_by_middleware(e, request)
  File "C:\Users\JingruShi\AppData\Local\Programs\Python\Python37\lib\site-packages\django\core\handlers\base.py", line 113, in _get_response
    response = wrapped_callback(request, *callback_args, **callback_kwargs)
  File "C:\Users\JingruShi\AppData\Local\Programs\Python\Python37\lib\site-packages\django\views\decorators\csrf.py", line 54, in wrapped_view
    return view_func(*args, **kwargs)
  File "C:\Users\JingruShi\AppData\Local\Programs\Python\Python37\lib\site-packages\rest_framework\viewsets.py", line 114, in view
    return self.dispatch(request, *args, **kwargs)
  File "C:\Users\JingruShi\AppData\Local\Programs\Python\Python37\lib\site-packages\rest_framework\views.py", line 505, in dispatch
    response = self.handle_exception(exc)
  File "C:\Users\JingruShi\AppData\Local\Programs\Python\Python37\lib\site-packages\rest_framework\views.py", line 465, in handle_exception
    self.raise_uncaught_exception(exc)
  File "C:\Users\JingruShi\AppData\Local\Programs\Python\Python37\lib\site-packages\rest_framework\views.py", line 476, in raise_uncaught_exception
    raise exc
  File "C:\Users\JingruShi\AppData\Local\Programs\Python\Python37\lib\site-packages\rest_framework\views.py", line 502, in dispatch
    response = handler(request, *args, **kwargs)
  File "C:\Users\JingruShi\Documents\GitHub\Student\login\views.py", line 296, in select
    result_set = result_set.values('stu_id__stuid', 'email', 'name', 'sex', 'idc', 'age', 'major')[
  File "C:\Users\JingruShi\AppData\Local\Programs\Python\Python37\lib\site-packages\django\db\models\query.py", line 809, in values
    clone = self._values(*fields, **expressions)
  File "C:\Users\JingruShi\AppData\Local\Programs\Python\Python37\lib\site-packages\django\db\models\query.py", line 804, in _values
    clone.query.set_values(fields)
  File "C:\Users\JingruShi\AppData\Local\Programs\Python\Python37\lib\site-packages\django\db\models\sql\query.py", line 2132, in set_values
    self.add_fields(field_names, True)
  File "C:\Users\JingruShi\AppData\Local\Programs\Python\Python37\lib\site-packages\django\db\models\sql\query.py", line 1865, in add_fields
    join_info = self.setup_joins(name.split(LOOKUP_SEP), opts, alias, allow_many=allow_m2m)
  File "C:\Users\JingruShi\AppData\Local\Programs\Python\Python37\lib\site-packages\django\db\models\sql\query.py", line 1567, in setup_joins
    names[:pivot], opts, allow_many, fail_on_missing=True,
  File "C:\Users\JingruShi\AppData\Local\Programs\Python\Python37\lib\site-packages\django\db\models\sql\query.py", line 1483, in names_to_path
    "Choices are: %s" % (name, ", ".join(available)))
django.core.exceptions.FieldError: Cannot resolve keyword 'stu_id' into field. Choices are: age, class_id, class_id_id, classmodel, coursemodel, email, id, idc, major, name, sex, studentawardsrecodemodel, user_id, user_id_id
[2020-04-14 12:58:46,102][MainThread:11760][task_id:root][views.py:183][INFO][delete teacher op]
[2020-04-14 12:59:10,895][Thread-1:6784][task_id:root][views.py:180][INFO][enter teacher op]
[2020-04-14 12:59:11,468][Thread-1:6784][task_id:root][views.py:180][INFO][enter teacher op]
[2020-04-14 12:59:11,691][Thread-1:6784][task_id:root][views.py:262][INFO][enter stu_info_select]
[2020-04-14 12:59:11,862][Thread-1:6784][task_id:django.request][log.py:228][ERROR][Internal Server Error: /teacher/stu_info/json/]
Traceback (most recent call last):
  File "C:\Users\JingruShi\AppData\Local\Programs\Python\Python37\lib\site-packages\django\core\handlers\exception.py", line 34, in inner
    response = get_response(request)
  File "C:\Users\JingruShi\AppData\Local\Programs\Python\Python37\lib\site-packages\django\core\handlers\base.py", line 115, in _get_response
    response = self.process_exception_by_middleware(e, request)
  File "C:\Users\JingruShi\AppData\Local\Programs\Python\Python37\lib\site-packages\django\core\handlers\base.py", line 113, in _get_response
    response = wrapped_callback(request, *callback_args, **callback_kwargs)
  File "C:\Users\JingruShi\AppData\Local\Programs\Python\Python37\lib\site-packages\django\views\decorators\csrf.py", line 54, in wrapped_view
    return view_func(*args, **kwargs)
  File "C:\Users\JingruShi\AppData\Local\Programs\Python\Python37\lib\site-packages\rest_framework\viewsets.py", line 114, in view
    return self.dispatch(request, *args, **kwargs)
  File "C:\Users\JingruShi\AppData\Local\Programs\Python\Python37\lib\site-packages\rest_framework\views.py", line 505, in dispatch
    response = self.handle_exception(exc)
  File "C:\Users\JingruShi\AppData\Local\Programs\Python\Python37\lib\site-packages\rest_framework\views.py", line 465, in handle_exception
    self.raise_uncaught_exception(exc)
  File "C:\Users\JingruShi\AppData\Local\Programs\Python\Python37\lib\site-packages\rest_framework\views.py", line 476, in raise_uncaught_exception
    raise exc
  File "C:\Users\JingruShi\AppData\Local\Programs\Python\Python37\lib\site-packages\rest_framework\views.py", line 502, in dispatch
    response = handler(request, *args, **kwargs)
  File "C:\Users\JingruShi\Documents\GitHub\Student\login\views.py", line 296, in select
    result_set = result_set.values('stu_id__stuid', 'email', 'name', 'sex', 'idc', 'age', 'major')[
  File "C:\Users\JingruShi\AppData\Local\Programs\Python\Python37\lib\site-packages\django\db\models\query.py", line 809, in values
    clone = self._values(*fields, **expressions)
  File "C:\Users\JingruShi\AppData\Local\Programs\Python\Python37\lib\site-packages\django\db\models\query.py", line 804, in _values
    clone.query.set_values(fields)
  File "C:\Users\JingruShi\AppData\Local\Programs\Python\Python37\lib\site-packages\django\db\models\sql\query.py", line 2132, in set_values
    self.add_fields(field_names, True)
  File "C:\Users\JingruShi\AppData\Local\Programs\Python\Python37\lib\site-packages\django\db\models\sql\query.py", line 1865, in add_fields
    join_info = self.setup_joins(name.split(LOOKUP_SEP), opts, alias, allow_many=allow_m2m)
  File "C:\Users\JingruShi\AppData\Local\Programs\Python\Python37\lib\site-packages\django\db\models\sql\query.py", line 1567, in setup_joins
    names[:pivot], opts, allow_many, fail_on_missing=True,
  File "C:\Users\JingruShi\AppData\Local\Programs\Python\Python37\lib\site-packages\django\db\models\sql\query.py", line 1483, in names_to_path
    "Choices are: %s" % (name, ", ".join(available)))
django.core.exceptions.FieldError: Cannot resolve keyword 'stu_id' into field. Choices are: age, class_id, class_id_id, classmodel, coursemodel, email, id, idc, major, name, sex, studentawardsrecodemodel, user_id, user_id_id
[2020-04-14 12:59:12,181][MainThread:11760][task_id:root][views.py:183][INFO][delete teacher op]
[2020-04-14 12:59:12,181][MainThread:11760][task_id:root][views.py:183][INFO][delete teacher op]
[2020-04-14 13:04:59,690][Thread-4:13164][task_id:root][views.py:180][INFO][enter teacher op]
[2020-04-14 13:05:02,506][MainThread:11760][task_id:django.utils.autoreload][autoreload.py:222][INFO][C:\Users\JingruShi\Documents\GitHub\Student\login\views.py changed, reloading.]
[2020-04-14 13:05:02,526][MainThread:11760][task_id:root][views.py:183][INFO][delete teacher op]
[2020-04-14 13:05:03,274][MainThread:10364][task_id:django.utils.autoreload][autoreload.py:598][INFO][Watching for file changes with StatReloader]
[2020-04-14 13:05:30,636][Thread-1:15272][task_id:root][views.py:180][INFO][enter teacher op]
[2020-04-14 13:05:32,124][MainThread:10364][task_id:root][views.py:183][INFO][delete teacher op]
[2020-04-14 13:06:28,215][Thread-1:15272][task_id:root][views.py:180][INFO][enter teacher op]
[2020-04-14 13:06:28,471][Thread-1:15272][task_id:root][views.py:262][INFO][enter stu_info_select]
[2020-04-14 13:06:28,546][Thread-1:15272][task_id:root][util.py:23][INFO][enter log]
[2020-04-14 13:06:28,547][Thread-1:15272][task_id:root][util.py:31][INFO][SELECT:studentinformationmodel:{
  "Login_User": 2,
  "total": 1,
  "search_kw": "",
  "sort_kw": "",
  "order_kw": "asc",
  "offset_kw": "0",
  "limit_kw": "10"
}]
[2020-04-14 13:06:28,594][Thread-1:15272][task_id:root][views.py:309][INFO][end stu_info_select]
[2020-04-14 13:06:28,595][Thread-1:15272][task_id:root][util.py:26][INFO][delete log]
[2020-04-14 13:06:28,789][MainThread:10364][task_id:root][views.py:183][INFO][delete teacher op]
[2020-04-14 13:12:25,746][Thread-3:18028][task_id:root][views.py:180][INFO][enter teacher op]
[2020-04-14 13:12:26,160][MainThread:10364][task_id:root][views.py:183][INFO][delete teacher op]
[2020-04-14 13:12:26,245][Thread-3:18028][task_id:root][views.py:180][INFO][enter teacher op]
[2020-04-14 13:12:26,475][Thread-3:18028][task_id:root][views.py:262][INFO][enter stu_info_select]
[2020-04-14 13:12:26,541][Thread-3:18028][task_id:root][util.py:23][INFO][enter log]
[2020-04-14 13:12:26,541][Thread-3:18028][task_id:root][util.py:31][INFO][SELECT:studentinformationmodel:{
  "Login_User": 2,
  "total": 1,
  "search_kw": "",
  "sort_kw": "",
  "order_kw": "asc",
  "offset_kw": "0",
  "limit_kw": "10"
}]
[2020-04-14 13:12:26,581][Thread-3:18028][task_id:root][views.py:309][INFO][end stu_info_select]
[2020-04-14 13:12:26,582][Thread-3:18028][task_id:root][util.py:26][INFO][delete log]
[2020-04-14 13:12:27,243][MainThread:10364][task_id:root][views.py:183][INFO][delete teacher op]
[2020-04-14 13:13:16,801][Thread-3:18028][task_id:root][views.py:180][INFO][enter teacher op]
[2020-04-14 13:13:17,259][Thread-3:18028][task_id:root][views.py:180][INFO][enter teacher op]
[2020-04-14 13:13:17,496][Thread-3:18028][task_id:root][views.py:262][INFO][enter stu_info_select]
[2020-04-14 13:13:17,565][Thread-3:18028][task_id:root][util.py:23][INFO][enter log]
[2020-04-14 13:13:17,565][Thread-3:18028][task_id:root][util.py:31][INFO][SELECT:studentinformationmodel:{
  "Login_User": 2,
  "total": 1,
  "search_kw": "",
  "sort_kw": "",
  "order_kw": "asc",
  "offset_kw": "0",
  "limit_kw": "10"
}]
[2020-04-14 13:13:17,603][Thread-3:18028][task_id:root][views.py:309][INFO][end stu_info_select]
[2020-04-14 13:13:17,603][Thread-3:18028][task_id:root][util.py:26][INFO][delete log]
[2020-04-14 13:13:18,198][MainThread:10364][task_id:root][views.py:183][INFO][delete teacher op]
[2020-04-14 13:13:21,613][MainThread:10364][task_id:root][views.py:183][INFO][delete teacher op]
[2020-04-14 13:13:23,171][Thread-3:18028][task_id:root][views.py:378][INFO][enter teacher op]
[2020-04-14 13:13:23,868][MainThread:10364][task_id:root][views.py:381][INFO][delete teacher op]
[2020-04-14 13:14:18,726][Thread-3:18028][task_id:root][views.py:378][INFO][enter teacher op]
[2020-04-14 13:14:19,324][MainThread:10364][task_id:root][views.py:381][INFO][delete teacher op]
[2020-04-14 13:14:58,120][Thread-3:18028][task_id:root][views.py:378][INFO][enter teacher op]
[2020-04-14 13:14:58,978][MainThread:10364][task_id:root][views.py:381][INFO][delete teacher op]
[2020-04-14 13:15:04,714][Thread-3:18028][task_id:root][views.py:378][INFO][enter teacher op]
[2020-04-14 13:15:05,010][Thread-3:18028][task_id:root][views.py:443][INFO][enter award_select]
[2020-04-14 13:15:05,137][Thread-3:18028][task_id:root][util.py:23][INFO][enter log]
[2020-04-14 13:15:05,138][Thread-3:18028][task_id:root][util.py:31][INFO][SELECT:studentawardsrecodemodel:{
  "Login_User": 2,
  "total": 1,
  "search_kw": "",
  "sort_kw": "",
  "order_kw": "asc",
  "offset_kw": "0",
  "limit_kw": "10"
}]
[2020-04-14 13:15:05,183][Thread-3:18028][task_id:root][views.py:488][INFO][end award_select]
[2020-04-14 13:15:05,184][Thread-3:18028][task_id:root][util.py:26][INFO][delete log]
[2020-04-14 13:15:10,323][MainThread:10364][task_id:root][views.py:381][INFO][delete teacher op]
[2020-04-14 13:15:54,085][Thread-3:18028][task_id:root][views.py:378][INFO][enter teacher op]
[2020-04-14 13:15:57,854][MainThread:10364][task_id:root][views.py:381][INFO][delete teacher op]
[2020-04-14 13:16:22,644][Thread-3:18028][task_id:root][views.py:378][INFO][enter teacher op]
[2020-04-14 13:16:22,961][Thread-3:18028][task_id:root][views.py:443][INFO][enter award_select]
[2020-04-14 13:16:23,099][Thread-3:18028][task_id:root][util.py:23][INFO][enter log]
[2020-04-14 13:16:23,099][Thread-3:18028][task_id:root][util.py:31][INFO][SELECT:studentawardsrecodemodel:{
  "Login_User": 2,
  "total": 1,
  "search_kw": "",
  "sort_kw": "",
  "order_kw": "asc",
  "offset_kw": "0",
  "limit_kw": "10"
}]
[2020-04-14 13:16:23,148][Thread-3:18028][task_id:root][views.py:488][INFO][end award_select]
[2020-04-14 13:16:23,148][Thread-3:18028][task_id:root][util.py:26][INFO][delete log]
[2020-04-14 13:16:24,995][MainThread:10364][task_id:root][views.py:381][INFO][delete teacher op]
[2020-04-14 13:22:45,439][Thread-9:1784][task_id:root][views.py:378][INFO][enter teacher op]
[2020-04-14 13:22:46,903][MainThread:10364][task_id:root][views.py:381][INFO][delete teacher op]
[2020-04-14 13:23:14,838][Thread-12:13164][task_id:root][views.py:378][INFO][enter teacher op]
[2020-04-14 13:23:15,253][Thread-16:17712][task_id:root][views.py:381][INFO][delete teacher op]
[2020-04-14 13:24:28,861][Thread-12:13164][task_id:root][views.py:378][INFO][enter teacher op]
[2020-04-14 13:24:29,306][Thread-18:7456][task_id:root][views.py:378][INFO][enter teacher op]
[2020-04-14 13:24:29,562][Thread-18:7456][task_id:root][views.py:443][INFO][enter award_select]
[2020-04-14 13:24:29,661][Thread-18:7456][task_id:root][util.py:23][INFO][enter log]
[2020-04-14 13:24:29,661][Thread-18:7456][task_id:root][util.py:31][INFO][SELECT:studentawardsrecodemodel:{
  "Login_User": 2,
  "total": 1,
  "search_kw": "",
  "sort_kw": "",
  "order_kw": "asc",
  "offset_kw": "0",
  "limit_kw": "10"
}]
[2020-04-14 13:24:29,702][Thread-18:7456][task_id:root][views.py:488][INFO][end award_select]
[2020-04-14 13:24:29,703][Thread-18:7456][task_id:root][util.py:26][INFO][delete log]
[2020-04-14 13:24:29,923][MainThread:10364][task_id:root][views.py:381][INFO][delete teacher op]
[2020-04-14 13:24:35,596][MainThread:10364][task_id:root][views.py:381][INFO][delete teacher op]
[2020-04-14 13:26:42,662][Thread-24:18280][task_id:root][views.py:378][INFO][enter teacher op]
[2020-04-14 13:26:43,184][Thread-28:9972][task_id:root][views.py:378][INFO][enter teacher op]
[2020-04-14 13:26:43,469][Thread-28:9972][task_id:root][views.py:443][INFO][enter award_select]
[2020-04-14 13:26:43,580][Thread-28:9972][task_id:root][util.py:23][INFO][enter log]
[2020-04-14 13:26:43,580][Thread-28:9972][task_id:root][util.py:31][INFO][SELECT:studentawardsrecodemodel:{
  "Login_User": 2,
  "total": 1,
  "search_kw": "",
  "sort_kw": "",
  "order_kw": "asc",
  "offset_kw": "0",
  "limit_kw": "10"
}]
[2020-04-14 13:26:43,621][Thread-28:9972][task_id:root][views.py:488][INFO][end award_select]
[2020-04-14 13:26:43,621][Thread-28:9972][task_id:root][util.py:26][INFO][delete log]
[2020-04-14 13:26:44,579][MainThread:10364][task_id:root][views.py:381][INFO][delete teacher op]
[2020-04-14 13:26:44,580][MainThread:10364][task_id:root][views.py:381][INFO][delete teacher op]
[2020-04-14 13:27:11,656][Thread-28:9972][task_id:root][views.py:378][INFO][enter teacher op]
[2020-04-14 13:27:12,086][Thread-27:7076][task_id:root][views.py:378][INFO][enter teacher op]
[2020-04-14 13:27:12,360][Thread-27:7076][task_id:root][views.py:443][INFO][enter award_select]
[2020-04-14 13:27:12,469][Thread-27:7076][task_id:root][util.py:23][INFO][enter log]
[2020-04-14 13:27:12,470][Thread-27:7076][task_id:root][util.py:31][INFO][SELECT:studentawardsrecodemodel:{
  "Login_User": 2,
  "total": 1,
  "search_kw": "",
  "sort_kw": "",
  "order_kw": "asc",
  "offset_kw": "0",
  "limit_kw": "10"
}]
[2020-04-14 13:27:12,513][Thread-27:7076][task_id:root][views.py:488][INFO][end award_select]
[2020-04-14 13:27:12,513][Thread-27:7076][task_id:root][util.py:26][INFO][delete log]
[2020-04-14 13:27:12,808][MainThread:10364][task_id:root][views.py:381][INFO][delete teacher op]
[2020-04-14 13:28:00,352][MainThread:10364][task_id:root][views.py:381][INFO][delete teacher op]
[2020-04-14 13:28:03,895][Thread-32:12752][task_id:root][views.py:378][INFO][enter teacher op]
[2020-04-14 13:28:04,351][Thread-36:16796][task_id:root][views.py:378][INFO][enter teacher op]
[2020-04-14 13:28:04,647][Thread-36:16796][task_id:root][views.py:443][INFO][enter award_select]
[2020-04-14 13:28:04,762][Thread-36:16796][task_id:root][util.py:23][INFO][enter log]
[2020-04-14 13:28:04,762][Thread-36:16796][task_id:root][util.py:31][INFO][SELECT:studentawardsrecodemodel:{
  "Login_User": 2,
  "total": 1,
  "search_kw": "",
  "sort_kw": "",
  "order_kw": "asc",
  "offset_kw": "0",
  "limit_kw": "10"
}]
[2020-04-14 13:28:04,804][Thread-36:16796][task_id:root][views.py:488][INFO][end award_select]
[2020-04-14 13:28:04,804][Thread-36:16796][task_id:root][util.py:26][INFO][delete log]
[2020-04-14 13:28:04,884][MainThread:10364][task_id:root][views.py:381][INFO][delete teacher op]
[2020-04-14 13:28:06,097][MainThread:10364][task_id:root][views.py:381][INFO][delete teacher op]
[2020-04-14 13:30:05,089][Thread-36:16796][task_id:root][views.py:378][INFO][enter teacher op]
[2020-04-14 13:30:05,459][Thread-38:10984][task_id:root][views.py:378][INFO][enter teacher op]
[2020-04-14 13:30:05,759][Thread-38:10984][task_id:root][views.py:443][INFO][enter award_select]
[2020-04-14 13:30:05,873][Thread-38:10984][task_id:root][util.py:23][INFO][enter log]
[2020-04-14 13:30:05,873][Thread-38:10984][task_id:root][util.py:31][INFO][SELECT:studentawardsrecodemodel:{
  "Login_User": 2,
  "total": 1,
  "search_kw": "",
  "sort_kw": "",
  "order_kw": "asc",
  "offset_kw": "0",
  "limit_kw": "10"
}]
[2020-04-14 13:30:05,921][Thread-38:10984][task_id:root][views.py:488][INFO][end award_select]
[2020-04-14 13:30:05,922][Thread-38:10984][task_id:root][util.py:26][INFO][delete log]
[2020-04-14 13:30:08,244][MainThread:10364][task_id:root][views.py:381][INFO][delete teacher op]
[2020-04-14 13:30:08,244][MainThread:10364][task_id:root][views.py:381][INFO][delete teacher op]
[2020-04-14 13:30:18,990][Thread-38:10984][task_id:root][views.py:378][INFO][enter teacher op]
[2020-04-14 13:30:19,220][Thread-38:10984][task_id:root][views.py:409][INFO][enter award_add]
[2020-04-14 13:30:19,370][Thread-38:10984][task_id:django.request][log.py:228][ERROR][Internal Server Error: /teacher/award/add/]
Traceback (most recent call last):
  File "C:\Users\JingruShi\AppData\Local\Programs\Python\Python37\lib\site-packages\django\core\handlers\exception.py", line 34, in inner
    response = get_response(request)
  File "C:\Users\JingruShi\AppData\Local\Programs\Python\Python37\lib\site-packages\django\core\handlers\base.py", line 115, in _get_response
    response = self.process_exception_by_middleware(e, request)
  File "C:\Users\JingruShi\AppData\Local\Programs\Python\Python37\lib\site-packages\django\core\handlers\base.py", line 113, in _get_response
    response = wrapped_callback(request, *callback_args, **callback_kwargs)
  File "C:\Users\JingruShi\AppData\Local\Programs\Python\Python37\lib\site-packages\django\views\decorators\csrf.py", line 54, in wrapped_view
    return view_func(*args, **kwargs)
  File "C:\Users\JingruShi\AppData\Local\Programs\Python\Python37\lib\site-packages\rest_framework\viewsets.py", line 114, in view
    return self.dispatch(request, *args, **kwargs)
  File "C:\Users\JingruShi\AppData\Local\Programs\Python\Python37\lib\site-packages\rest_framework\views.py", line 505, in dispatch
    response = self.handle_exception(exc)
  File "C:\Users\JingruShi\AppData\Local\Programs\Python\Python37\lib\site-packages\rest_framework\views.py", line 465, in handle_exception
    self.raise_uncaught_exception(exc)
  File "C:\Users\JingruShi\AppData\Local\Programs\Python\Python37\lib\site-packages\rest_framework\views.py", line 476, in raise_uncaught_exception
    raise exc
  File "C:\Users\JingruShi\AppData\Local\Programs\Python\Python37\lib\site-packages\rest_framework\views.py", line 502, in dispatch
    response = handler(request, *args, **kwargs)
  File "C:\Users\JingruShi\Documents\GitHub\Student\login\views.py", line 426, in add
    award_content=content, award_date=date)
  File "C:\Users\JingruShi\AppData\Local\Programs\Python\Python37\lib\site-packages\django\db\models\manager.py", line 82, in manager_method
    return getattr(self.get_queryset(), name)(*args, **kwargs)
  File "C:\Users\JingruShi\AppData\Local\Programs\Python\Python37\lib\site-packages\django\db\models\query.py", line 431, in create
    obj = self.model(**kwargs)
  File "C:\Users\JingruShi\AppData\Local\Programs\Python\Python37\lib\site-packages\django\db\models\base.py", line 500, in __init__
    raise TypeError("%s() got an unexpected keyword argument '%s'" % (cls.__name__, kwarg))
TypeError: StudentAwardsRecodeModel() got an unexpected keyword argument 'user_id'
[2020-04-14 13:30:19,613][MainThread:10364][task_id:root][views.py:381][INFO][delete teacher op]
[2020-04-14 13:32:32,945][MainThread:10364][task_id:django.utils.autoreload][autoreload.py:222][INFO][C:\Users\JingruShi\Documents\GitHub\Student\login\views.py changed, reloading.]
[2020-04-14 13:32:33,722][MainThread:12648][task_id:django.utils.autoreload][autoreload.py:598][INFO][Watching for file changes with StatReloader]
[2020-04-14 13:32:36,840][Thread-1:3384][task_id:root][views.py:378][INFO][enter teacher op]
[2020-04-14 13:32:37,164][Thread-1:3384][task_id:root][views.py:409][INFO][enter award_add]
[2020-04-14 13:32:37,250][Thread-1:3384][task_id:root][util.py:23][INFO][enter log]
[2020-04-14 13:32:37,252][Thread-1:3384][task_id:root][util.py:31][INFO][ADD:studentawardsrecodemodel:{
  "Login_User": 2,
  "username": "170950119",
  "type": "奖励",
  "content": "999",
  "date": "2020-04-14"
}]
[2020-04-14 13:32:37,301][Thread-1:3384][task_id:root][views.py:433][INFO][end award_add]
[2020-04-14 13:32:37,302][Thread-1:3384][task_id:root][util.py:26][INFO][delete log]
[2020-04-14 13:32:37,320][Thread-1:3384][task_id:root][views.py:378][INFO][enter teacher op]
[2020-04-14 13:32:37,540][Thread-1:3384][task_id:root][views.py:443][INFO][enter award_select]
[2020-04-14 13:32:37,564][MainThread:12648][task_id:root][views.py:381][INFO][delete teacher op]
[2020-04-14 13:32:37,637][Thread-1:3384][task_id:root][util.py:23][INFO][enter log]
[2020-04-14 13:32:37,638][Thread-1:3384][task_id:root][util.py:31][INFO][SELECT:studentawardsrecodemodel:{
  "Login_User": 2,
  "total": 2,
  "search_kw": "",
  "sort_kw": "",
  "order_kw": "asc",
  "offset_kw": "0",
  "limit_kw": "10"
}]
[2020-04-14 13:32:37,674][Thread-1:3384][task_id:root][views.py:488][INFO][end award_select]
[2020-04-14 13:32:37,674][Thread-1:3384][task_id:root][util.py:26][INFO][delete log]
[2020-04-14 13:32:45,210][Thread-1:3384][task_id:root][views.py:378][INFO][enter teacher op]
[2020-04-14 13:32:45,429][Thread-1:3384][task_id:root][views.py:497][INFO][enter award_update]
[2020-04-14 13:32:45,497][Thread-1:3384][task_id:root][util.py:23][INFO][enter log]
[2020-04-14 13:32:45,498][Thread-1:3384][task_id:root][util.py:31][INFO][UPDATE:studentawardsrecodemodel:{
  "Login_User": 2,
  "id": "1",
  "stu_id": "170950119",
  "type": "奖励",
  "content": "555"
}]
[2020-04-14 13:32:45,532][Thread-1:3384][task_id:root][views.py:517][INFO][end award_update]
[2020-04-14 13:32:45,533][Thread-1:3384][task_id:root][util.py:26][INFO][delete log]
[2020-04-14 13:32:45,551][Thread-1:3384][task_id:root][views.py:378][INFO][enter teacher op]
[2020-04-14 13:32:45,605][MainThread:12648][task_id:root][views.py:381][INFO][delete teacher op]
[2020-04-14 13:32:45,793][Thread-1:3384][task_id:root][views.py:443][INFO][enter award_select]
[2020-04-14 13:32:45,899][Thread-1:3384][task_id:root][util.py:23][INFO][enter log]
[2020-04-14 13:32:45,900][Thread-1:3384][task_id:root][util.py:31][INFO][SELECT:studentawardsrecodemodel:{
  "Login_User": 2,
  "total": 2,
  "search_kw": "",
  "sort_kw": "",
  "order_kw": "asc",
  "offset_kw": "0",
  "limit_kw": "10"
}]
[2020-04-14 13:32:45,938][Thread-1:3384][task_id:root][views.py:488][INFO][end award_select]
[2020-04-14 13:32:45,938][Thread-1:3384][task_id:root][util.py:26][INFO][delete log]
[2020-04-14 13:32:50,143][MainThread:12648][task_id:root][views.py:381][INFO][delete teacher op]
[2020-04-14 13:32:50,950][Thread-1:3384][task_id:root][views.py:378][INFO][enter teacher op]
[2020-04-14 13:32:51,178][Thread-1:3384][task_id:root][views.py:527][INFO][enter award_delete]
[2020-04-14 13:32:51,309][Thread-1:3384][task_id:root][util.py:23][INFO][enter log]
[2020-04-14 13:32:51,310][Thread-1:3384][task_id:root][util.py:31][INFO][DELETE:studentawardsrecodemodel:{
  "Login_User": 2,
  "award_id": 1
}]
[2020-04-14 13:32:51,345][Thread-1:3384][task_id:root][views.py:536][INFO][end award_delete]
[2020-04-14 13:32:51,346][Thread-1:3384][task_id:root][util.py:26][INFO][delete log]
[2020-04-14 13:32:51,372][Thread-1:3384][task_id:root][views.py:378][INFO][enter teacher op]
[2020-04-14 13:32:51,658][Thread-1:3384][task_id:root][views.py:443][INFO][enter award_select]
[2020-04-14 13:32:51,783][Thread-1:3384][task_id:root][util.py:23][INFO][enter log]
[2020-04-14 13:32:51,783][Thread-1:3384][task_id:root][util.py:31][INFO][SELECT:studentawardsrecodemodel:{
  "Login_User": 2,
  "total": 1,
  "search_kw": "",
  "sort_kw": "",
  "order_kw": "asc",
  "offset_kw": "0",
  "limit_kw": "10"
}]
[2020-04-14 13:32:51,828][Thread-1:3384][task_id:root][views.py:488][INFO][end award_select]
[2020-04-14 13:32:51,828][Thread-1:3384][task_id:root][util.py:26][INFO][delete log]
[2020-04-14 13:32:52,397][MainThread:12648][task_id:root][views.py:381][INFO][delete teacher op]
[2020-04-14 13:32:56,944][MainThread:12648][task_id:root][views.py:381][INFO][delete teacher op]
[2020-04-14 13:33:17,336][MainThread:12648][task_id:root][views.py:381][INFO][delete teacher op]
[2020-04-14 13:33:17,843][Thread-1:3384][task_id:root][views.py:180][INFO][enter teacher op]
[2020-04-14 13:33:18,237][Thread-6:12168][task_id:root][views.py:180][INFO][enter teacher op]
[2020-04-14 13:33:18,450][Thread-6:12168][task_id:root][views.py:262][INFO][enter stu_info_select]
[2020-04-14 13:33:18,503][Thread-6:12168][task_id:root][util.py:23][INFO][enter log]
[2020-04-14 13:33:18,504][Thread-6:12168][task_id:root][util.py:31][INFO][SELECT:studentinformationmodel:{
  "Login_User": 2,
  "total": 1,
  "search_kw": "",
  "sort_kw": "",
  "order_kw": "asc",
  "offset_kw": "0",
  "limit_kw": "10"
}]
[2020-04-14 13:33:18,535][Thread-6:12168][task_id:root][views.py:309][INFO][end stu_info_select]
[2020-04-14 13:33:18,536][Thread-6:12168][task_id:root][util.py:26][INFO][delete log]
[2020-04-14 13:33:21,912][MainThread:12648][task_id:root][views.py:183][INFO][delete teacher op]
[2020-04-14 13:33:21,912][MainThread:12648][task_id:root][views.py:183][INFO][delete teacher op]
[2020-04-14 13:33:32,574][Thread-6:12168][task_id:root][views.py:180][INFO][enter teacher op]
[2020-04-14 13:33:32,822][Thread-6:12168][task_id:root][views.py:211][INFO][enter stu_info_add]
[2020-04-14 13:33:33,256][MainThread:12648][task_id:root][views.py:183][INFO][delete teacher op]
[2020-04-14 13:33:38,783][Thread-6:12168][task_id:root][views.py:180][INFO][enter teacher op]
[2020-04-14 13:33:39,079][Thread-6:12168][task_id:root][views.py:211][INFO][enter stu_info_add]
[2020-04-14 13:33:39,297][Thread-6:12168][task_id:root][util.py:23][INFO][enter log]
[2020-04-14 13:33:39,298][Thread-6:12168][task_id:root][util.py:31][INFO][ADD:studentinformationmodel & user:{
  "Login_User": 2,
  "username": "170000000",
  "email": "496738668@qq.com",
  "name": "uuu",
  "sex": "male",
  "idc": "564561132564564444",
  "age": "26",
  "major": "080901"
}]
[2020-04-14 13:33:39,347][Thread-6:12168][task_id:root][views.py:252][INFO][end stu_info_add]
[2020-04-14 13:33:39,348][Thread-6:12168][task_id:root][util.py:26][INFO][delete log]
[2020-04-14 13:33:39,366][Thread-6:12168][task_id:root][views.py:180][INFO][enter teacher op]
[2020-04-14 13:33:39,651][Thread-6:12168][task_id:root][views.py:262][INFO][enter stu_info_select]
[2020-04-14 13:33:39,733][Thread-6:12168][task_id:root][util.py:23][INFO][enter log]
[2020-04-14 13:33:39,734][Thread-6:12168][task_id:root][util.py:31][INFO][SELECT:studentinformationmodel:{
  "Login_User": 2,
  "total": 2,
  "search_kw": "",
  "sort_kw": "",
  "order_kw": "asc",
  "offset_kw": "0",
  "limit_kw": "10"
}]
[2020-04-14 13:33:39,778][Thread-6:12168][task_id:root][views.py:309][INFO][end stu_info_select]
[2020-04-14 13:33:39,779][Thread-6:12168][task_id:root][util.py:26][INFO][delete log]
[2020-04-14 13:33:40,035][MainThread:12648][task_id:root][views.py:183][INFO][delete teacher op]
[2020-04-14 13:33:42,315][MainThread:12648][task_id:root][views.py:183][INFO][delete teacher op]
[2020-04-14 13:33:49,441][Thread-6:12168][task_id:root][views.py:180][INFO][enter teacher op]
[2020-04-14 13:33:49,640][Thread-6:12168][task_id:root][views.py:318][INFO][enter stu_info_update]
[2020-04-14 13:33:49,703][Thread-6:12168][task_id:root][util.py:23][INFO][enter log]
[2020-04-14 13:33:49,704][Thread-6:12168][task_id:root][util.py:31][INFO][UPDATE:studentinformationmodel:{
  "Login_User": 2,
  "username": "170000000",
  "email": "496738668@qq.com",
  "name": "jjj",
  "sex": "male",
  "idc": "564561132564564444",
  "age": "26",
  "major": "080901"
}]
[2020-04-14 13:33:49,738][Thread-6:12168][task_id:root][views.py:348][INFO][end stu_info_update]
[2020-04-14 13:33:49,738][Thread-6:12168][task_id:root][util.py:26][INFO][delete log]
[2020-04-14 13:33:49,753][Thread-6:12168][task_id:root][views.py:180][INFO][enter teacher op]
[2020-04-14 13:33:49,973][Thread-6:12168][task_id:root][views.py:262][INFO][enter stu_info_select]
[2020-04-14 13:33:50,036][Thread-6:12168][task_id:root][util.py:23][INFO][enter log]
[2020-04-14 13:33:50,037][Thread-6:12168][task_id:root][util.py:31][INFO][SELECT:studentinformationmodel:{
  "Login_User": 2,
  "total": 2,
  "search_kw": "",
  "sort_kw": "",
  "order_kw": "asc",
  "offset_kw": "0",
  "limit_kw": "10"
}]
[2020-04-14 13:33:50,073][Thread-6:12168][task_id:root][views.py:309][INFO][end stu_info_select]
[2020-04-14 13:33:50,073][Thread-6:12168][task_id:root][util.py:26][INFO][delete log]
[2020-04-14 13:33:50,221][MainThread:12648][task_id:root][views.py:183][INFO][delete teacher op]
[2020-04-14 13:33:50,221][MainThread:12648][task_id:root][views.py:183][INFO][delete teacher op]
[2020-04-14 13:33:57,779][Thread-6:12168][task_id:root][views.py:180][INFO][enter teacher op]
[2020-04-14 13:33:58,001][Thread-6:12168][task_id:root][views.py:358][INFO][enter stu_info_delete]
[2020-04-14 13:33:58,351][Thread-6:12168][task_id:root][util.py:23][INFO][enter log]
[2020-04-14 13:33:58,351][Thread-6:12168][task_id:root][util.py:31][INFO][DELETE:studentinformationmodel:{
  "Login_User": 2,
  "user_id": "170000000"
}]
[2020-04-14 13:33:58,385][Thread-6:12168][task_id:root][views.py:370][INFO][end stu_info_delete]
[2020-04-14 13:33:58,386][Thread-6:12168][task_id:root][util.py:26][INFO][delete log]
[2020-04-14 13:33:58,403][Thread-6:12168][task_id:root][views.py:180][INFO][enter teacher op]
[2020-04-14 13:33:58,680][Thread-6:12168][task_id:root][views.py:262][INFO][enter stu_info_select]
[2020-04-14 13:33:58,762][Thread-6:12168][task_id:root][util.py:23][INFO][enter log]
[2020-04-14 13:33:58,763][Thread-6:12168][task_id:root][util.py:31][INFO][SELECT:studentinformationmodel:{
  "Login_User": 2,
  "total": 1,
  "search_kw": "",
  "sort_kw": "",
  "order_kw": "asc",
  "offset_kw": "0",
  "limit_kw": "10"
}]
[2020-04-14 13:33:58,804][Thread-6:12168][task_id:root][views.py:309][INFO][end stu_info_select]
[2020-04-14 13:33:58,805][Thread-6:12168][task_id:root][util.py:26][INFO][delete log]
[2020-04-14 13:33:59,292][MainThread:12648][task_id:root][views.py:183][INFO][delete teacher op]
[2020-04-14 13:34:02,711][MainThread:12648][task_id:root][views.py:183][INFO][delete teacher op]
[2020-04-14 13:43:24,838][MainThread:584][task_id:django.utils.autoreload][autoreload.py:598][INFO][Watching for file changes with StatReloader]
[2020-04-14 13:48:59,345][MainThread:9484][task_id:django.utils.autoreload][autoreload.py:598][INFO][Watching for file changes with StatReloader]
[2020-04-14 14:31:29,152][MainThread:1212][task_id:django.utils.autoreload][autoreload.py:598][INFO][Watching for file changes with StatReloader]
[2020-04-14 14:31:36,414][Thread-6:11564][task_id:django.request][log.py:228][WARNING][Not Found: /favicon.ico]
[2020-04-14 14:32:41,263][MainThread:1212][task_id:django.utils.autoreload][autoreload.py:222][INFO][D:\Project\GitHubProject\Student\login\views.py changed, reloading.]
[2020-04-14 14:32:42,888][MainThread:12904][task_id:django.utils.autoreload][autoreload.py:598][INFO][Watching for file changes with StatReloader]
[2020-04-14 14:34:45,841][MainThread:12904][task_id:django.utils.autoreload][autoreload.py:222][INFO][D:\Project\GitHubProject\Student\login\views.py changed, reloading.]
[2020-04-14 14:34:47,394][MainThread:14388][task_id:django.utils.autoreload][autoreload.py:598][INFO][Watching for file changes with StatReloader]
[2020-04-14 14:35:41,251][MainThread:7444][task_id:django.utils.autoreload][autoreload.py:598][INFO][Watching for file changes with StatReloader]
[2020-04-14 14:37:18,285][MainThread:7444][task_id:django.utils.autoreload][autoreload.py:222][INFO][D:\Project\GitHubProject\Student\login\views.py changed, reloading.]
[2020-04-14 14:37:19,720][MainThread:9000][task_id:django.utils.autoreload][autoreload.py:598][INFO][Watching for file changes with StatReloader]
[2020-04-14 14:42:05,124][Thread-3:3252][task_id:django.security.csrf][log.py:228][WARNING][Forbidden (CSRF token missing or incorrect.): /login/]
[2020-04-14 14:42:33,905][Thread-6:5516][task_id:django.security.csrf][log.py:228][WARNING][Forbidden (CSRF token missing or incorrect.): /admin/login/]
[2020-04-14 14:42:56,240][MainThread:13608][task_id:django.utils.autoreload][autoreload.py:598][INFO][Watching for file changes with StatReloader]
[2020-04-14 14:44:44,850][MainThread:13608][task_id:django.utils.autoreload][autoreload.py:222][INFO][D:\Project\GitHubProject\Student\login\views.py changed, reloading.]
[2020-04-14 14:44:47,329][MainThread:10976][task_id:django.utils.autoreload][autoreload.py:598][INFO][Watching for file changes with StatReloader]
[2020-04-14 14:46:32,828][Thread-2:3528][task_id:django.request][log.py:228][ERROR][Internal Server Error: /index_student/]
Traceback (most recent call last):
  File "D:\EnvironmentVariables\Python37\lib\site-packages\django\core\handlers\exception.py", line 34, in inner
    response = get_response(request)
  File "D:\EnvironmentVariables\Python37\lib\site-packages\django\core\handlers\base.py", line 115, in _get_response
    response = self.process_exception_by_middleware(e, request)
  File "D:\EnvironmentVariables\Python37\lib\site-packages\django\core\handlers\base.py", line 113, in _get_response
    response = wrapped_callback(request, *callback_args, **callback_kwargs)
  File "D:\Project\GitHubProject\Student\login\views.py", line 43, in index_student
    stu_info = stu_infos[0]
  File "D:\EnvironmentVariables\Python37\lib\site-packages\django\db\models\query.py", line 314, in __getitem__
    return qs._result_cache[0]
IndexError: list index out of range
[2020-04-14 14:47:35,660][MainThread:10976][task_id:django.utils.autoreload][autoreload.py:222][INFO][D:\Project\GitHubProject\Student\login\views.py changed, reloading.]
[2020-04-14 14:47:36,988][MainThread:2620][task_id:django.utils.autoreload][autoreload.py:598][INFO][Watching for file changes with StatReloader]
[2020-04-14 14:47:38,899][Thread-1:13588][task_id:django.request][log.py:228][ERROR][Internal Server Error: /index_student/]
Traceback (most recent call last):
  File "D:\EnvironmentVariables\Python37\lib\site-packages\django\core\handlers\exception.py", line 34, in inner
    response = get_response(request)
  File "D:\EnvironmentVariables\Python37\lib\site-packages\django\core\handlers\base.py", line 115, in _get_response
    response = self.process_exception_by_middleware(e, request)
  File "D:\EnvironmentVariables\Python37\lib\site-packages\django\core\handlers\base.py", line 113, in _get_response
    response = wrapped_callback(request, *callback_args, **callback_kwargs)
  File "D:\Project\GitHubProject\Student\login\views.py", line 44, in index_student
    stu_info = stu_infos[0]
  File "D:\EnvironmentVariables\Python37\lib\site-packages\django\db\models\query.py", line 314, in __getitem__
    return qs._result_cache[0]
IndexError: list index out of range
[2020-04-14 14:47:52,329][MainThread:3736][task_id:django.utils.autoreload][autoreload.py:598][INFO][Watching for file changes with StatReloader]
[2020-04-14 14:48:06,262][Thread-1:2172][task_id:django.request][log.py:228][ERROR][Internal Server Error: /index_student/]
Traceback (most recent call last):
  File "D:\EnvironmentVariables\Python37\lib\site-packages\django\core\handlers\exception.py", line 34, in inner
    response = get_response(request)
  File "D:\EnvironmentVariables\Python37\lib\site-packages\django\core\handlers\base.py", line 115, in _get_response
    response = self.process_exception_by_middleware(e, request)
  File "D:\EnvironmentVariables\Python37\lib\site-packages\django\core\handlers\base.py", line 113, in _get_response
    response = wrapped_callback(request, *callback_args, **callback_kwargs)
  File "D:\Project\GitHubProject\Student\login\views.py", line 44, in index_student
    stu_info = stu_infos[0]
  File "D:\EnvironmentVariables\Python37\lib\site-packages\django\db\models\query.py", line 314, in __getitem__
    return qs._result_cache[0]
IndexError: list index out of range
[2020-04-14 14:48:52,635][MainThread:3736][task_id:django.utils.autoreload][autoreload.py:222][INFO][D:\Project\GitHubProject\Student\login\views.py changed, reloading.]
[2020-04-14 14:48:54,027][MainThread:1724][task_id:django.utils.autoreload][autoreload.py:598][INFO][Watching for file changes with StatReloader]
[2020-04-14 15:07:16,611][MainThread:1724][task_id:django.utils.autoreload][autoreload.py:222][INFO][D:\Project\GitHubProject\Student\login\views.py changed, reloading.]
[2020-04-14 15:07:18,044][MainThread:4084][task_id:django.utils.autoreload][autoreload.py:598][INFO][Watching for file changes with StatReloader]
[2020-04-14 15:08:32,525][MainThread:4084][task_id:django.utils.autoreload][autoreload.py:222][INFO][D:\Project\GitHubProject\Student\login\views.py changed, reloading.]
[2020-04-14 15:08:33,868][MainThread:13284][task_id:django.utils.autoreload][autoreload.py:598][INFO][Watching for file changes with StatReloader]
[2020-04-14 15:17:19,285][MainThread:13284][task_id:django.utils.autoreload][autoreload.py:222][INFO][D:\Project\GitHubProject\Student\login\views.py changed, reloading.]
[2020-04-14 15:17:20,628][MainThread:6628][task_id:django.utils.autoreload][autoreload.py:598][INFO][Watching for file changes with StatReloader]
[2020-04-14 15:20:27,322][MainThread:14052][task_id:django.utils.autoreload][autoreload.py:598][INFO][Watching for file changes with StatReloader]
[2020-04-14 15:41:54,750][MainThread:9608][task_id:django.utils.autoreload][autoreload.py:598][INFO][Watching for file changes with StatReloader]
